[debug] [2024-04-01T08:01:41.738Z] ----------------------------------------------------------------------
[debug] [2024-04-01T08:01:41.740Z] Command:       C:\Program Files\nodejs\node.exe C:\Users\harit\AppData\Roaming\npm\node_modules\firebase-tools\lib\bin\firebase.js init
[debug] [2024-04-01T08:01:41.740Z] CLI Version:   13.6.0
[debug] [2024-04-01T08:01:41.740Z] Platform:      win32
[debug] [2024-04-01T08:01:41.740Z] Node Version:  v20.7.0
[debug] [2024-04-01T08:01:41.740Z] Time:          Mon Apr 01 2024 13:31:41 GMT+0530 (India Standard Time)
[debug] [2024-04-01T08:01:41.740Z] ----------------------------------------------------------------------
[debug] 
[debug] [2024-04-01T08:01:41.742Z] >>> [apiv2][query] GET https://firebase-public.firebaseio.com/cli.json [none]
[debug] [2024-04-01T08:01:41.775Z] > command requires scopes: ["email","openid","https://www.googleapis.com/auth/cloudplatformprojects.readonly","https://www.googleapis.com/auth/firebase","https://www.googleapis.com/auth/cloud-platform"]
[debug] [2024-04-01T08:01:41.775Z] > authorizing via signed-in user (haritha.mvijaya@gmail.com)
[info] 
     ######## #### ########  ######## ########     ###     ######  ########
     ##        ##  ##     ## ##       ##     ##  ##   ##  ##       ##
     ######    ##  ########  ######   ########  #########  ######  ######
     ##        ##  ##    ##  ##       ##     ## ##     ##       ## ##
     ##       #### ##     ## ######## ########  ##     ##  ######  ########

You're about to initialize a Firebase project in this directory:

  C:\Users\harit\OneDrive\Desktop\deliveryApp

[debug] [2024-04-01T08:01:42.445Z] <<< [apiv2][status] GET https://firebase-public.firebaseio.com/cli.json 200
[debug] [2024-04-01T08:01:42.446Z] <<< [apiv2][body] GET https://firebase-public.firebaseio.com/cli.json {"cloudBuildErrorAfter":1594252800000,"cloudBuildWarnAfter":1590019200000,"defaultNode10After":1594252800000,"minVersion":"3.0.5","node8DeploysDisabledAfter":1613390400000,"node8RuntimeDisabledAfter":1615809600000,"node8WarnAfter":1600128000000}
[info] 
=== Project Setup
[info] 
[info] First, let's associate this project directory with a Firebase project.
[info] You can create multiple project aliases by running firebase use --add, 
[info] but for now we'll just set up a default project.
[info] 
[debug] [2024-04-01T08:02:13.410Z] > refreshing access token with scopes: []
[debug] [2024-04-01T08:02:13.411Z] >>> [apiv2][query] POST https://www.googleapis.com/oauth2/v3/token [none]
[debug] [2024-04-01T08:02:13.411Z] >>> [apiv2][body] POST https://www.googleapis.com/oauth2/v3/token [omitted]
[debug] [2024-04-01T08:02:13.682Z] <<< [apiv2][status] POST https://www.googleapis.com/oauth2/v3/token 200
[debug] [2024-04-01T08:02:13.682Z] <<< [apiv2][body] POST https://www.googleapis.com/oauth2/v3/token [omitted]
[debug] [2024-04-01T08:02:13.692Z] >>> [apiv2][query] GET https://firebase.googleapis.com/v1beta1/projects pageSize=100
[debug] [2024-04-01T08:02:14.395Z] <<< [apiv2][status] GET https://firebase.googleapis.com/v1beta1/projects 200
[debug] [2024-04-01T08:02:14.395Z] <<< [apiv2][body] GET https://firebase.googleapis.com/v1beta1/projects [omitted]
[info] i  Using project foodapp-4f82d (foodapp) 
[info] 
=== Hosting Setup
[debug] [2024-04-01T08:02:20.681Z] >>> [apiv2][query] GET https://firebase.googleapis.com/v1beta1/projects/foodapp-4f82d [none]
[debug] [2024-04-01T08:02:21.153Z] <<< [apiv2][status] GET https://firebase.googleapis.com/v1beta1/projects/foodapp-4f82d 200
[debug] [2024-04-01T08:02:21.154Z] <<< [apiv2][body] GET https://firebase.googleapis.com/v1beta1/projects/foodapp-4f82d {"projectId":"foodapp-4f82d","projectNumber":"855276110432","displayName":"foodapp","name":"projects/foodapp-4f82d","resources":{"hostingSite":"foodapp-4f82d"},"state":"ACTIVE","etag":"1_2a5119a2-5686-483e-985f-bed239cdeca6"}
[info] 
[info] Your public directory is the folder (relative to your project directory) that
[info] will contain Hosting assets to be uploaded with firebase deploy. If you
[info] have a build process for your assets, use your build's output directory.
[info] 
